12:45:04 DEBUG - socket 4nO2EzYW-kU2RMTFAAAB connection!
12:45:05 DEBUG - socket BOikuQjxnygKdxi8AAAD connection!
12:45:09 DEBUG - socket d1MHa47rC8q6nDQyAAAG connection!
12:45:09 DEBUG - socket SJNZQdpkaFArvPELAAAH connection!
12:47:04 DEBUG - socket x950eeYnikD2gsA4AAAJ connection!
12:47:04 DEBUG - socket jmE-qJ1I_1R95dwtAAAL connection!
12:51:35 DEBUG - socket ahuLkoa61Pe2kwcpAAAO connection!
12:51:35 DEBUG - socket cJvGwo5Jnlv2Kj5ZAAAP connection!
12:52:23 DEBUG - socket 4atI7W_7xoYXwZaDAAAS connection!
12:52:23 DEBUG - socket WIVg_PvlcKxN8yS1AAAT connection!
12:52:41 DEBUG - socket ABUv5mBwa_x9YWkGAAAV connection!
12:52:46 DEBUG - socket 53ozvSBbCRU18nTdAAAa connection!
12:52:46 DEBUG - socket Y46qr07PDJw-U8PvAAAb connection!
12:52:50 DEBUG - socket K_9JkEtn9rwvPYVgAAAd connection!
12:53:02 DEBUG - socket Ydd55hyxQinc6r48AAAf connection!
12:53:04 DEBUG - socket dck9adxDjk1kYTiOAAAh connection!
12:53:05 DEBUG - socket HpsiFF3vk0NaJMIMAAAj connection!
12:53:12 DEBUG - socket 4lL_MtAswMZYnOoPAAAl connection!
12:53:13 DEBUG - socket a-aVT5rKOtFa75l_AAAn connection!
12:53:15 DEBUG - socket DoKXHUDlg4dolSkFAAAp connection!
12:53:30 DEBUG - socket ba6RLIUPBSGgBrhSAAAr connection!
12:53:30 DEBUG - socket R83QIQWUrnLr2Z2NAAAt connection!
12:53:30 DEBUG - socket BFvdpC2jM8sk5RcBAAAv connection!
12:53:30 DEBUG - socket ojLq_bPcj72P1j6VAAAx connection!
12:54:51 DEBUG - socket LdvaCWEQMu626LQuAAAz connection!
12:56:15 DEBUG - socket Q-1EBP1-WrzcHtQpAAA1 connection!
12:57:30 DEBUG - socket yuReqiEGxBLcK1VlAAA3 connection!
12:57:31 DEBUG - socket 7RqBYqDjpiE3jBzRAAA5 connection!
12:57:31 DEBUG - socket uL3waz_o1zb7eifyAAA7 connection!
12:57:31 DEBUG - socket UBVvLbEBitsnBTNdAAA9 connection!
12:57:35 DEBUG - socket SmufkCevuzgNJEqpAAA_ connection!
12:59:33 DEBUG - socket bcRFTqmwAhn3vKCMAABB connection!
12:59:37 DEBUG - socket KW_cSuZH4vyWrLUGAABD connection!
13:00:03 DEBUG - socket UR4h05TLrn6cXousAABF connection!
13:00:04 DEBUG - socket J_eKbCAxeyiKy8c1AABH connection!
13:00:06 DEBUG - socket cT_ZDcgSM2vS9SBuAABJ connection!
13:00:07 DEBUG - socket 8SARM24IZ-ag023yAABL connection!
13:00:10 DEBUG - socket zGD0oYr9rciODBkTAABN connection!
13:00:12 DEBUG - socket CLPf0cyewF3jMMgJAABP connection!
13:00:30 DEBUG - socket eEB0tQ4szXIIDws_AABR connection!
13:00:31 DEBUG - socket 4x5zVxo4KEwc8pczAABT connection!
13:00:35 DEBUG - socket 9YCAGBaBsN_1w9_lAABV connection!
13:00:36 DEBUG - socket sS1LyyhuoE9BtbcgAABX connection!
13:00:39 DEBUG - socket EvwzLO2qd6oUdaUTAABZ connection!
13:00:47 DEBUG - socket f3gPjCxtVZOSnjoLAABb connection!
13:00:48 DEBUG - socket S-5MlY7aR4PDNiCVAABd connection!
13:00:50 DEBUG - socket paOnhBV13SDevqqQAABf connection!
13:01:23 DEBUG - socket Hx_5wmH580dHXO9GAABh connection!
13:53:16 DEBUG - socket hTCvFQRQePsHxyJvAABj connection!
13:55:46 DEBUG - socket g0G7yKNeihSiSR0sAABl connection!
14:07:21 DEBUG - socket m3WR13DM4PdKvIV2AABn connection!
18:53:22 DEBUG - socket OIVaUiEAFbGxmHOGAABp connection!
18:58:39 DEBUG - socket f8qHuq2k14z9vlqnAABr connection!
18:58:39 DEBUG - socket tCyzyxrzq1clo29ZAABt connection!
18:58:40 DEBUG - socket lbPEMwOXcNnToWNUAABv connection!
18:58:40 DEBUG - socket mnZkPznhpw3nmU6eAABx connection!
18:58:40 DEBUG - socket cyP-glkAg4X1DVM-AABz connection!
19:00:42 DEBUG - socket 9BNPl3KNLKH-UZ03AAB1 connection!
19:03:14 DEBUG - socket V9JgfspLBlaVb_p7AAB3 connection!
19:09:00 DEBUG - socket qCVKN8eOfubjwHJBAAB5 connection!
19:10:17 DEBUG - socket gFgbSmV9cEVtC4pbAAB7 connection!
19:10:36 DEBUG - socket XEjk1cDVU0_RtDdrAAB9 connection!
